<?xml version="1.0" encoding="UTF-8" ?>
<testsuites>
<testsuite name="Frisby Test: Feeds - Actions - Update Project Item Content" errors="0" tests="1" failures="0" time="0.834" timestamp="2017-04-05T14:00:35">
  <testcase classname="Frisby Test: Feeds - Actions - Update Project Item Content" name="
	[ PUT http://localhost:3000/feeds/16/home_page/telephone ]" time="0.832"></testcase>
</testsuite>
</testsuites>