<?xml version="1.0" encoding="UTF-8" ?>
<testsuites>
<testsuite name="Frisby Test: Feeds - Actions - Update Project Content" errors="0" tests="1" failures="0" time="0.783" timestamp="2017-04-05T13:59:21">
  <testcase classname="Frisby Test: Feeds - Actions - Update Project Content" name="
	[ PUT http://localhost:3000/feeds/16 ]" time="0.78"></testcase>
</testsuite>
</testsuites>