<?xml version="1.0" encoding="UTF-8" ?>
<testsuites>
<testsuite name="Frisby Test: Feeds - Actions - Create Project Structure" errors="0" tests="1" failures="0" time="1.08" timestamp="2017-04-05T13:58:51">
  <testcase classname="Frisby Test: Feeds - Actions - Create Project Structure" name="
	[ PUT http://localhost:3000/feeds/16 ]" time="1.077"></testcase>
</testsuite>
</testsuites>