<?xml version="1.0" encoding="UTF-8" ?>
<testsuites>
<testsuite name="Frisby Test: Feeds - Actions - Get All Project Settings" errors="0" tests="1" failures="0" time="0.034" timestamp="2017-04-05T14:00:22">
  <testcase classname="Frisby Test: Feeds - Actions - Get All Project Settings" name="
	[ GET http://localhost:3000/feeds/16?allSettings ]" time="0.033"></testcase>
</testsuite>
</testsuites>