<?xml version="1.0" encoding="UTF-8" ?>
<testsuites>
<testsuite name="Frisby Test: Feeds - Actions - Get Project History" errors="0" tests="1" failures="0" time="0.263" timestamp="2017-04-05T14:00:22">
  <testcase classname="Frisby Test: Feeds - Actions - Get Project History" name="
	[ GET http://localhost:3000/feeds/16?include=history ]" time="0.263"></testcase>
</testsuite>
</testsuites>