<?xml version="1.0" encoding="UTF-8" ?>
<testsuites>
<testsuite name="Frisby Test: Feeds - Actions - Create Project Item Content" errors="0" tests="1" failures="0" time="0.762" timestamp="2017-04-05T13:59:22">
  <testcase classname="Frisby Test: Feeds - Actions - Create Project Item Content" name="
	[ POST http://localhost:3000/feeds/16/home_page/telephone ]" time="0.761"></testcase>
</testsuite>
</testsuites>