<?xml version="1.0" encoding="UTF-8" ?>
<testsuites>
<testsuite name="Frisby Test: Feeds - Actions - Get Project Name" errors="0" tests="1" failures="0" time="0.021" timestamp="2017-04-05T14:00:22">
  <testcase classname="Frisby Test: Feeds - Actions - Get Project Name" name="
	[ GET http://localhost:3000/feeds/16?action=projectName ]" time="0.021"></testcase>
</testsuite>
</testsuites>