<?xml version="1.0" encoding="UTF-8" ?>
<testsuites>
<testsuite name="Frisby Test: Feeds - Actions - Update Project All Content" errors="0" tests="1" failures="0" time="0.835" timestamp="2017-04-05T14:00:34">
  <testcase classname="Frisby Test: Feeds - Actions - Update Project All Content" name="
	[ PUT http://localhost:3000/feeds/16 ]" time="0.832"></testcase>
</testsuite>
</testsuites>